Arguments: 
  C:\Program Files\nodejs\node.exe C:\Users\HP\AppData\Roaming\npm\node_modules\yarn\bin\yarn.js add sendgridTransport

PATH: 
  C:\Python310\Scripts\;C:\Python310\;C:\WINDOWS\system32;C:\WINDOWS;C:\WINDOWS\System32\Wbem;C:\WINDOWS\System32\WindowsPowerShell\v1.0\;C:\WINDOWS\System32\OpenSSH\;C:\ProgramData\chocolatey\bin;C:\Program Files\Java\jdk1.8.0_31\bin;D:\softwares\groovy version\Groovy-2.5.0\bin;D:\softwares\grails\grails-2.4.4\bin;C:\Program Files\MySQL\MySQL Server 5.5\bin;C:\Program Files\Git\cmd;C:\Program Files\nodejs;C:\Program Files\nodejs\;C:\Ruby27-x64\bin;C:\Program Files\MySQL\MySQL Shell 8.0\bin\;C:\Users\HP\AppData\Local\Microsoft\WindowsApps;C:\Program Files\MongoDB\Server\5.0\bin;C:\Program Files\JetBrains\IntelliJ IDEA Community Edition 2021.2.2\bin;C:\Program Files\JetBrains\PyCharm Community Edition 2021.2.3\bin;C:\Users\HP\AppData\Local\Programs\Microsoft VS Code\bin;C:\Program Files\nodejs\node_modules\npm\bin;C:\Users\HP\AppData\Roaming\npm

Yarn version: 
  1.22.17

Node version: 
  14.17.6

Platform: 
  win32 x64

Trace: 
  Error: https://registry.yarnpkg.com/sendgridTransport: Not found
      at Request.params.callback [as _callback] (C:\Users\HP\AppData\Roaming\npm\node_modules\yarn\lib\cli.js:67029:18)
      at Request.self.callback (C:\Users\HP\AppData\Roaming\npm\node_modules\yarn\lib\cli.js:140883:22)
      at Request.emit (events.js:400:28)
      at Request.<anonymous> (C:\Users\HP\AppData\Roaming\npm\node_modules\yarn\lib\cli.js:141855:10)
      at Request.emit (events.js:400:28)
      at IncomingMessage.<anonymous> (C:\Users\HP\AppData\Roaming\npm\node_modules\yarn\lib\cli.js:141777:12)
      at Object.onceWrapper (events.js:519:28)
      at IncomingMessage.emit (events.js:412:35)
      at endReadableNT (internal/streams/readable.js:1317:12)
      at processTicksAndRejections (internal/process/task_queues.js:82:21)

npm manifest: 
  {
    "name": "server",
    "version": "1.0.0",
    "description": "",
    "main": "index.js",
    "scripts": {
      "start": "node index",
      "dev": "nodemon index"
    },
    "keywords": [],
    "author": "",
    "license": "ISC",
    "dependencies": {
      "@admin-bro/express": "^3.1.0",
      "@admin-bro/mongoose": "^1.1.0",
      "admin-bro": "^4.0.1",
      "axios": "^0.26.0",
      "bcryptjs": "^2.4.3",
      "body-parser": "^1.19.2",
      "cookie-parser": "^1.4.6",
      "cors": "^2.8.5",
      "crypto": "^1.0.1",
      "dotenv": "^16.0.0",
      "express": "^4.17.3",
      "express-formidable": "^1.2.0",
      "jsonwebtoken": "^8.5.1",
      "mongod": "^2.0.0",
      "mongodb": "^4.3.1",
      "mongoose": "^6.2.1",
      "multer": "^1.4.4",
      "nodemailer": "^6.7.2",
      "nodemon": "^2.0.15",
      "react-scripts": "^4.0.3",
      "router": "^1.3.6"
    },
    "devDependencies": {
      "nodemon": "^2.0.15"
    },
    "proxy": "http://localhost:5000/"
  }

yarn manifest: 
  No manifest

Lockfile: 
  No lockfile
